{
  "RSpec": {
    "coverage": {
      "/Users/macbook/Code/zift/app/helpers/agreements_helper.rb": {
        "lines": [
          1,
          1,
          6,
          6,
          6,
          6,
          6,
          6,
          null,
          null
        ],
        "branches": {
          "[:if, 0, 4, 4, 4, 43]": {
            "[:then, 1, 4, 4, 4, 31]": 3,
            "[:else, 2, 4, 4, 4, 43]": 3
          }
        }
      },
      "/Users/macbook/Code/zift/app/helpers/application_helper.rb": {
        "lines": [
          1,
          null,
          null,
          1,
          0,
          null,
          0,
          0,
          null,
          null,
          0,
          null,
          null,
          0,
          null,
          null,
          0,
          0,
          null,
          0,
          null,
          null,
          null,
          1,
          0,
          0,
          null,
          0,
          null,
          null,
          null
        ],
        "branches": {
          "[:if, 0, 5, 4, 5, 54]": {
            "[:then, 1, 5, 4, 5, 16]": 0,
            "[:else, 2, 5, 4, 5, 54]": 0
          },
          "[:unless, 3, 11, 4, 11, 46]": {
            "[:else, 4, 11, 4, 11, 46]": 0,
            "[:then, 5, 11, 4, 11, 16]": 0
          },
          "[:if, 6, 25, 4, 29, 7]": {
            "[:then, 7, 26, 6, 26, 14]": 0,
            "[:else, 8, 28, 6, 28, 71]": 0
          }
        }
      },
      "/Users/macbook/Code/zift/app/helpers/applications_helper.rb": {
        "lines": [
          1,
          null
        ],
        "branches": {}
      },
      "/Users/macbook/Code/zift/app/helpers/dashboards_helper.rb": {
        "lines": [
          1,
          null
        ],
        "branches": {}
      },
      "/Users/macbook/Code/zift/app/helpers/locations_helper.rb": {
        "lines": [
          1,
          null
        ],
        "branches": {}
      },
      "/Users/macbook/Code/zift/app/helpers/recurrences_helper.rb": {
        "lines": [
          1,
          null
        ],
        "branches": {}
      },
      "/Users/macbook/Code/zift/app/helpers/rosters_helper.rb": {
        "lines": [
          1,
          1,
          0,
          null,
          0,
          0,
          0,
          0,
          null,
          null
        ],
        "branches": {
          "[:unless, 0, 3, 4, 3, 25]": {
            "[:else, 1, 3, 4, 3, 25]": 0,
            "[:then, 2, 3, 4, 3, 13]": 0
          },
          "[:if, 3, 8, 4, 8, 58]": {
            "[:then, 4, 8, 18, 8, 33]": 0,
            "[:else, 5, 8, 36, 8, 58]": 0
          }
        }
      },
      "/Users/macbook/Code/zift/app/helpers/shifts_helper.rb": {
        "lines": [
          1,
          null
        ],
        "branches": {}
      },
      "/Users/macbook/Code/zift/app/helpers/timesheets_helper.rb": {
        "lines": [
          1,
          null
        ],
        "branches": {}
      },
      "/Users/macbook/Code/zift/app/helpers/unavailability_requests_helper.rb": {
        "lines": [
          null,
          1,
          null,
          null,
          null,
          1,
          0,
          0,
          0,
          0,
          null,
          0,
          0,
          0,
          0,
          0,
          null,
          null,
          0,
          null,
          null,
          null,
          null,
          1,
          0,
          null,
          null,
          0,
          0,
          null,
          null
        ],
        "branches": {
          "[:while, 0, 12, 4, 17, 7]": {
            "[:body, 1, 13, 6, 16, 32]": 0
          },
          "[:if, 2, 25, 4, 25, 33]": {
            "[:then, 3, 25, 4, 25, 14]": 0,
            "[:else, 4, 25, 4, 25, 33]": 0
          }
        }
      },
      "/Users/macbook/Code/zift/app/helpers/users_helper.rb": {
        "lines": [
          1,
          null
        ],
        "branches": {}
      },
      "/Users/macbook/Code/zift/app/helpers/welcome_helper.rb": {
        "lines": [
          1,
          null
        ],
        "branches": {}
      },
      "/Users/macbook/Code/zift/app/mailers/service_agreement_mailer.rb": {
        "lines": [
          1,
          1,
          1,
          1,
          1,
          1,
          null,
          null,
          1,
          null,
          null,
          1,
          1,
          1,
          1,
          1,
          null,
          1,
          null,
          null,
          null,
          null,
          null,
          1,
          1,
          null,
          null
        ],
        "branches": {}
      },
      "/Users/macbook/Code/zift/app/mailers/application_mailer.rb": {
        "lines": [
          1,
          1,
          null,
          null,
          1,
          null,
          1,
          0,
          null,
          null
        ],
        "branches": {}
      },
      "/Users/macbook/Code/zift/app/models/agreement.rb": {
        "lines": [
          1,
          1,
          1,
          null,
          1,
          1,
          1,
          null,
          10,
          10,
          null,
          1,
          9,
          null,
          null,
          1,
          23,
          null,
          null
        ],
        "branches": {}
      },
      "/Users/macbook/Code/zift/app/models/application_record.rb": {
        "lines": [
          1,
          1,
          null
        ],
        "branches": {}
      },
      "/Users/macbook/Code/zift/app/models/location_agreement_acceptance.rb": {
        "lines": [
          1,
          1,
          1,
          null,
          1,
          null,
          1,
          1,
          null,
          1,
          2,
          null,
          null,
          1,
          1,
          13,
          null,
          null
        ],
        "branches": {}
      },
      "/Users/macbook/Code/zift/app/services/agreement_pdf.rb": {
        "lines": [
          1,
          1,
          7,
          null,
          7,
          null,
          null,
          null,
          7,
          null,
          7,
          7,
          7,
          7,
          7,
          7,
          null,
          7,
          7,
          null,
          7,
          7,
          7,
          7,
          null,
          7,
          7,
          7,
          7,
          7,
          7,
          null,
          0,
          null,
          7,
          null,
          null,
          7,
          null,
          null,
          null,
          7,
          null,
          7,
          7,
          7,
          null,
          7,
          7,
          7,
          null,
          7,
          null,
          null,
          7,
          7,
          7,
          7,
          null,
          null,
          null,
          null,
          1,
          7,
          7,
          7,
          0,
          0,
          0,
          0,
          0,
          null,
          7,
          null,
          7,
          7,
          null,
          7,
          7,
          7,
          null,
          7,
          null,
          0,
          0,
          0,
          0,
          0,
          0,
          0,
          0,
          null,
          0,
          null,
          null,
          0,
          0,
          null,
          null,
          null,
          null,
          null,
          1,
          7,
          null,
          null,
          null,
          null,
          null,
          null,
          null,
          1,
          0,
          0,
          null,
          0,
          0,
          0,
          null,
          null,
          0,
          0,
          0,
          0,
          0,
          null,
          0,
          null,
          null,
          1,
          0,
          0,
          0,
          0,
          0,
          0,
          null,
          0,
          null,
          null,
          1,
          0,
          null,
          null,
          null,
          1,
          42,
          null,
          42,
          null,
          null,
          null,
          null,
          null,
          null,
          null,
          null,
          null,
          null,
          42,
          42,
          null,
          null,
          null,
          1,
          null,
          7,
          null,
          7,
          7,
          7,
          7,
          null,
          null,
          null,
          null,
          null,
          null,
          null,
          7,
          7,
          null,
          null,
          null,
          0,
          0,
          0,
          0,
          null,
          null,
          null,
          null,
          null,
          null,
          null,
          0,
          0,
          null,
          null,
          null,
          null,
          0,
          null,
          null
        ],
        "branches": {
          "[:if, 0, 27, 6, 34, 9]": {
            "[:then, 1, 28, 8, 31, 29]": 7,
            "[:else, 2, 33, 8, 33, 88]": 0
          },
          "[:\"&.\", 3, 44, 27, 44, 50]": {
            "[:then, 4, 44, 27, 44, 50]": 3,
            "[:else, 5, 44, 27, 44, 50]": 4
          },
          "[:if, 6, 44, 27, 44, 80]": {
            "[:then, 7, 44, 27, 44, 59]": 7,
            "[:else, 8, 44, 27, 44, 80]": 0
          },
          "[:if, 9, 44, 86, 44, 141]": {
            "[:then, 10, 44, 119, 44, 135]": 0,
            "[:else, 11, 44, 138, 44, 141]": 4
          },
          "[:if, 12, 55, 16, 55, 81]": {
            "[:then, 13, 55, 54, 55, 75]": 3,
            "[:else, 14, 55, 78, 55, 81]": 4
          },
          "[:if, 15, 56, 20, 56, 85]": {
            "[:then, 16, 56, 39, 56, 77]": 0,
            "[:else, 17, 56, 80, 56, 85]": 7
          },
          "[:if, 18, 69, 6, 69, 45]": {
            "[:then, 19, 69, 6, 69, 29]": 0,
            "[:else, 20, 69, 6, 69, 45]": 0
          },
          "[:if, 21, 73, 4, 73, 63]": {
            "[:then, 22, 73, 4, 73, 37]": 7,
            "[:else, 23, 73, 4, 73, 63]": 0
          },
          "[:case, 24, 76, 6, 99, 9]": {
            "[:when, 25, 78, 8, 82, 70]": 7,
            "[:when, 26, 84, 8, 98, 11]": 0,
            "[:else, 27, 76, 6, 99, 9]": 0
          },
          "[:if, 28, 80, 8, 80, 38]": {
            "[:then, 29, 80, 8, 80, 12]": 0,
            "[:else, 30, 80, 8, 80, 38]": 7
          },
          "[:if, 31, 85, 8, 85, 27]": {
            "[:then, 32, 85, 8, 85, 12]": 0,
            "[:else, 33, 85, 8, 85, 27]": 0
          },
          "[:if, 34, 89, 12, 89, 52]": {
            "[:then, 35, 89, 12, 89, 37]": 0,
            "[:else, 36, 89, 12, 89, 52]": 0
          },
          "[:if, 37, 86, 8, 98, 11]": {
            "[:then, 38, 87, 10, 93, 25]": 0,
            "[:else, 39, 96, 10, 97, 25]": 0
          },
          "[:if, 40, 114, 4, 114, 34]": {
            "[:then, 41, 114, 4, 114, 15]": 0,
            "[:else, 42, 114, 4, 114, 34]": 0
          },
          "[:if, 43, 118, 6, 118, 83]": {
            "[:then, 44, 118, 6, 118, 44]": 0,
            "[:else, 45, 118, 6, 118, 83]": 0
          },
          "[:if, 46, 117, 4, 119, 7]": {
            "[:then, 47, 118, 6, 118, 83]": 0,
            "[:else, 48, 117, 4, 119, 7]": 0
          },
          "[:if, 49, 124, 6, 124, 57]": {
            "[:then, 50, 124, 6, 124, 41]": 0,
            "[:else, 51, 124, 6, 124, 57]": 0
          },
          "[:unless, 52, 125, 6, 125, 39]": {
            "[:else, 53, 125, 6, 125, 39]": 0,
            "[:then, 54, 125, 6, 125, 19]": 0
          },
          "[:if, 55, 171, 6, 182, 9]": {
            "[:then, 56, 172, 8, 181, 14]": 7,
            "[:else, 57, 171, 6, 182, 9]": 0
          },
          "[:if, 58, 187, 6, 198, 9]": {
            "[:then, 59, 188, 8, 197, 14]": 0,
            "[:else, 60, 187, 6, 198, 9]": 0
          }
        }
      },
      "/Users/macbook/Code/zift/app/services/agreement_renderer.rb": {
        "lines": [
          1,
          null,
          null,
          null,
          null,
          null,
          1,
          14,
          null,
          14,
          14,
          4,
          4,
          null,
          null,
          null,
          1,
          null,
          14,
          14,
          7,
          null,
          null,
          14,
          7,
          7,
          7,
          7,
          7,
          7,
          7,
          7,
          7,
          7,
          7,
          7,
          7,
          7,
          7,
          7,
          7,
          7,
          7,
          7,
          7,
          null,
          7,
          0,
          null,
          null,
          null,
          14,
          null,
          14,
          14,
          null,
          null,
          null,
          null,
          null,
          null,
          null,
          14,
          null,
          14,
          null,
          null,
          null,
          null,
          null,
          null,
          null,
          null,
          1,
          4,
          4,
          4,
          8,
          8,
          null,
          4,
          null,
          null
        ],
        "branches": {
          "[:if, 0, 24, 17, 24, 47]": {
            "[:then, 1, 24, 17, 24, 23]": 7,
            "[:else, 2, 24, 17, 24, 47]": 0
          },
          "[:if, 3, 25, 19, 25, 53]": {
            "[:then, 4, 25, 19, 25, 27]": 7,
            "[:else, 5, 25, 19, 25, 53]": 0
          },
          "[:if, 6, 26, 22, 26, 62]": {
            "[:then, 7, 26, 22, 26, 33]": 7,
            "[:else, 8, 26, 22, 26, 62]": 0
          },
          "[:if, 9, 27, 20, 27, 56]": {
            "[:then, 10, 27, 20, 27, 29]": 7,
            "[:else, 11, 27, 20, 27, 56]": 0
          },
          "[:if, 12, 28, 20, 28, 56]": {
            "[:then, 13, 28, 20, 28, 29]": 7,
            "[:else, 14, 28, 20, 28, 56]": 0
          },
          "[:if, 15, 29, 21, 29, 59]": {
            "[:then, 16, 29, 21, 29, 31]": 7,
            "[:else, 17, 29, 21, 29, 59]": 0
          },
          "[:if, 18, 30, 23, 30, 65]": {
            "[:then, 19, 30, 23, 30, 35]": 7,
            "[:else, 20, 30, 23, 30, 65]": 0
          },
          "[:if, 21, 31, 24, 31, 68]": {
            "[:then, 22, 31, 24, 31, 37]": 7,
            "[:else, 23, 31, 24, 31, 68]": 0
          },
          "[:if, 24, 32, 29, 32, 83]": {
            "[:then, 25, 32, 29, 32, 47]": 7,
            "[:else, 26, 32, 29, 32, 83]": 0
          },
          "[:if, 27, 33, 34, 33, 98]": {
            "[:then, 28, 33, 34, 33, 57]": 7,
            "[:else, 29, 33, 34, 33, 98]": 0
          },
          "[:if, 30, 34, 35, 34, 101]": {
            "[:then, 31, 34, 35, 34, 59]": 7,
            "[:else, 32, 34, 35, 34, 101]": 0
          },
          "[:\"&.\", 33, 35, 28, 35, 68]": {
            "[:then, 34, 35, 28, 35, 68]": 0,
            "[:else, 35, 35, 28, 35, 68]": 7
          },
          "[:if, 36, 35, 28, 35, 103]": {
            "[:then, 37, 35, 28, 35, 68]": 7,
            "[:else, 38, 35, 28, 35, 103]": 0
          },
          "[:if, 39, 36, 26, 36, 74]": {
            "[:then, 40, 36, 26, 36, 41]": 7,
            "[:else, 41, 36, 26, 36, 74]": 0
          },
          "[:if, 42, 37, 22, 37, 62]": {
            "[:then, 43, 37, 22, 37, 33]": 7,
            "[:else, 44, 37, 22, 37, 62]": 0
          },
          "[:if, 45, 38, 33, 38, 95]": {
            "[:then, 46, 38, 33, 38, 55]": 7,
            "[:else, 47, 38, 33, 38, 95]": 0
          },
          "[:if, 48, 39, 29, 39, 83]": {
            "[:then, 49, 39, 29, 39, 47]": 7,
            "[:else, 50, 39, 29, 39, 83]": 0
          },
          "[:if, 51, 40, 28, 40, 80]": {
            "[:then, 52, 40, 28, 40, 45]": 7,
            "[:else, 53, 40, 28, 40, 80]": 0
          },
          "[:if, 54, 41, 21, 41, 59]": {
            "[:then, 55, 41, 21, 41, 31]": 7,
            "[:else, 56, 41, 21, 41, 59]": 0
          },
          "[:if, 57, 42, 25, 42, 71]": {
            "[:then, 58, 42, 25, 42, 39]": 7,
            "[:else, 59, 42, 25, 42, 71]": 0
          },
          "[:if, 60, 43, 19, 43, 53]": {
            "[:then, 61, 43, 19, 43, 27]": 7,
            "[:else, 62, 43, 19, 43, 53]": 0
          },
          "[:if, 63, 44, 37, 44, 107]": {
            "[:then, 64, 44, 37, 44, 63]": 7,
            "[:else, 65, 44, 37, 44, 107]": 0
          },
          "[:if, 66, 45, 20, 45, 56]": {
            "[:then, 67, 45, 20, 45, 29]": 7,
            "[:else, 68, 45, 20, 45, 56]": 0
          },
          "[:if, 69, 47, 4, 48, 39]": {
            "[:then, 70, 48, 6, 48, 39]": 0,
            "[:else, 71, 47, 4, 48, 39]": 7
          },
          "[:if, 72, 20, 4, 49, 7]": {
            "[:then, 73, 21, 6, 46, 15]": 7,
            "[:else, 74, 47, 4, 48, 39]": 7
          },
          "[:\"&.\", 75, 53, 18, 53, 28]": {
            "[:then, 76, 53, 18, 53, 28]": 8,
            "[:else, 77, 53, 18, 53, 28]": 6
          },
          "[:\"&.\", 78, 54, 25, 54, 55]": {
            "[:then, 79, 54, 25, 54, 55]": 8,
            "[:else, 80, 54, 25, 54, 55]": 6
          },
          "[:if, 81, 54, 25, 54, 79]": {
            "[:then, 82, 54, 58, 54, 73]": 8,
            "[:else, 83, 54, 76, 54, 79]": 6
          },
          "[:\"&.\", 84, 55, 24, 55, 53]": {
            "[:then, 85, 55, 24, 55, 53]": 8,
            "[:else, 86, 55, 24, 55, 53]": 6
          },
          "[:if, 87, 55, 24, 55, 76]": {
            "[:then, 88, 55, 56, 55, 70]": 8,
            "[:else, 89, 55, 73, 55, 76]": 6
          },
          "[:\"&.\", 90, 56, 19, 56, 30]": {
            "[:then, 91, 56, 19, 56, 30]": 8,
            "[:else, 92, 56, 19, 56, 30]": 6
          },
          "[:\"&.\", 93, 57, 19, 57, 30]": {
            "[:then, 94, 57, 19, 57, 30]": 8,
            "[:else, 95, 57, 19, 57, 30]": 6
          },
          "[:\"&.\", 96, 67, 25, 67, 77]": {
            "[:then, 97, 67, 25, 67, 77]": 9,
            "[:else, 98, 67, 25, 67, 77]": 0
          },
          "[:if, 99, 65, 8, 69, 14]": {
            "[:then, 100, 65, 21, 69, 9]": 9,
            "[:else, 101, 69, 12, 69, 14]": 5
          },
          "[:unless, 102, 78, 6, 78, 41]": {
            "[:else, 103, 78, 6, 78, 41]": 8,
            "[:then, 104, 78, 6, 78, 16]": 0
          },
          "[:if, 105, 81, 4, 81, 23]": {
            "[:then, 106, 81, 4, 81, 14]": 4,
            "[:else, 107, 81, 4, 81, 23]": 0
          }
        }
      },
      "/Users/macbook/Code/zift/app/models/location.rb": {
        "lines": [
          1,
          1,
          1,
          1,
          1,
          null,
          1,
          null,
          1,
          null,
          22,
          null,
          1,
          3,
          null,
          1,
          0,
          null,
          null
        ],
        "branches": {}
      },
      "/Users/macbook/Code/zift/app/models/user.rb": {
        "lines": [
          1,
          1,
          null,
          null,
          1,
          2,
          2,
          null,
          null,
          1,
          7,
          null,
          null,
          1,
          1,
          1,
          1,
          1,
          1,
          null,
          1,
          null,
          null,
          null,
          null,
          null,
          null,
          null,
          1,
          null,
          null,
          null,
          null,
          null,
          1,
          null,
          1,
          1,
          1,
          1,
          null,
          null,
          13,
          1,
          1,
          null,
          1,
          0,
          null,
          null,
          1,
          0,
          null,
          null,
          1,
          19,
          null,
          null,
          1,
          3,
          null,
          null,
          1,
          8,
          null,
          null,
          1,
          3,
          null,
          null,
          null,
          1,
          0,
          null,
          null,
          1,
          14,
          null,
          null,
          1,
          8,
          null,
          null,
          null,
          null,
          1,
          0,
          null,
          null,
          null,
          1,
          0,
          0,
          null,
          0,
          null,
          null,
          1,
          null,
          null,
          1,
          null,
          18,
          null,
          null,
          18,
          null,
          null
        ],
        "branches": {
          "[:if, 0, 7, 4, 7, 59]": {
            "[:then, 1, 7, 4, 7, 10]": 2,
            "[:else, 2, 7, 4, 7, 59]": 0
          },
          "[:\"&.\", 3, 52, 4, 52, 25]": {
            "[:then, 4, 52, 4, 52, 25]": 0,
            "[:else, 5, 52, 4, 52, 25]": 0
          },
          "[:\"&.\", 6, 52, 4, 52, 35]": {
            "[:then, 7, 52, 4, 52, 35]": 0,
            "[:else, 8, 52, 4, 52, 35]": 0
          },
          "[:if, 9, 92, 4, 92, 30]": {
            "[:then, 10, 92, 4, 92, 14]": 0,
            "[:else, 11, 92, 4, 92, 30]": 0
          },
          "[:if, 12, 103, 4, 103, 74]": {
            "[:then, 13, 103, 4, 103, 16]": 0,
            "[:else, 14, 103, 4, 103, 74]": 18
          }
        }
      },
      "/Users/macbook/Code/zift/app/controllers/agreements_controller.rb": {
        "lines": [
          1,
          1,
          6,
          null,
          1,
          3,
          3,
          3,
          3,
          0,
          null,
          null,
          null,
          3,
          0,
          null,
          3,
          null,
          null,
          3,
          null,
          null,
          1,
          2,
          2,
          2,
          2,
          0,
          null,
          null,
          2,
          0,
          null,
          null,
          2,
          2,
          0,
          null,
          null,
          2,
          null,
          null,
          null,
          null,
          null,
          null,
          null,
          null,
          null,
          2,
          2,
          2,
          2,
          null,
          0,
          null,
          null,
          null,
          1,
          2,
          2,
          2,
          0,
          null,
          null,
          null,
          null,
          2,
          0,
          null,
          2,
          null,
          null,
          2,
          2,
          1,
          null,
          null,
          1,
          1,
          1,
          null,
          null,
          1,
          1,
          5,
          0,
          null,
          null,
          null
        ],
        "branches": {
          "[:if, 0, 8, 4, 8, 98]": {
            "[:then, 1, 8, 4, 8, 65]": 0,
            "[:else, 2, 8, 4, 8, 98]": 3
          },
          "[:if, 3, 9, 4, 11, 7]": {
            "[:then, 4, 10, 6, 10, 86]": 0,
            "[:else, 5, 9, 4, 11, 7]": 3
          },
          "[:\"&.\", 6, 14, 23, 14, 43]": {
            "[:then, 7, 14, 23, 14, 43]": 3,
            "[:else, 8, 14, 23, 14, 43]": 0
          },
          "[:if, 9, 14, 20, 18, 7]": {
            "[:then, 10, 15, 22, 15, 86]": 0,
            "[:else, 11, 17, 22, 17, 34]": 3
          },
          "[:if, 12, 26, 4, 26, 98]": {
            "[:then, 13, 26, 4, 26, 65]": 0,
            "[:else, 14, 26, 4, 26, 98]": 2
          },
          "[:if, 15, 27, 4, 29, 7]": {
            "[:then, 16, 28, 6, 28, 86]": 0,
            "[:else, 17, 27, 4, 29, 7]": 2
          },
          "[:if, 18, 31, 4, 33, 7]": {
            "[:then, 19, 32, 6, 32, 98]": 0,
            "[:else, 20, 31, 4, 33, 7]": 2
          },
          "[:if, 21, 36, 4, 38, 7]": {
            "[:then, 22, 37, 6, 37, 99]": 0,
            "[:else, 23, 36, 4, 38, 7]": 2
          },
          "[:\"&.\", 24, 53, 62, 53, 75]": {
            "[:then, 25, 53, 62, 53, 75]": 0,
            "[:else, 26, 53, 62, 53, 75]": 2
          },
          "[:\"&.\", 27, 55, 62, 55, 75]": {
            "[:then, 28, 55, 62, 55, 75]": 0,
            "[:else, 29, 55, 62, 55, 75]": 0
          },
          "[:if, 30, 50, 4, 56, 7]": {
            "[:then, 31, 51, 6, 53, 139]": 2,
            "[:else, 32, 55, 6, 55, 128]": 0
          },
          "[:if, 33, 62, 4, 64, 7]": {
            "[:then, 34, 63, 6, 63, 86]": 0,
            "[:else, 35, 62, 4, 64, 7]": 2
          },
          "[:\"&.\", 36, 68, 9, 68, 29]": {
            "[:then, 37, 68, 9, 68, 29]": 2,
            "[:else, 38, 68, 9, 68, 29]": 0
          },
          "[:if, 39, 68, 6, 72, 9]": {
            "[:then, 40, 69, 8, 69, 72]": 0,
            "[:else, 41, 71, 8, 71, 20]": 2
          },
          "[:\"&.\", 42, 76, 58, 76, 74]": {
            "[:then, 43, 76, 58, 76, 74]": 1,
            "[:else, 44, 76, 58, 76, 74]": 0
          },
          "[:if, 45, 75, 4, 77, 7]": {
            "[:then, 46, 76, 6, 76, 125]": 1,
            "[:else, 47, 75, 4, 77, 7]": 1
          },
          "[:\"&.\", 48, 86, 11, 86, 34]": {
            "[:then, 49, 86, 11, 86, 34]": 5,
            "[:else, 50, 86, 11, 86, 34]": 0
          },
          "[:\"&.\", 51, 86, 38, 86, 58]": {
            "[:then, 52, 86, 38, 86, 58]": 0,
            "[:else, 53, 86, 38, 86, 58]": 0
          },
          "[:unless, 54, 86, 4, 88, 7]": {
            "[:else, 55, 86, 4, 88, 7]": 5,
            "[:then, 56, 87, 6, 87, 50]": 0
          }
        }
      },
      "/Users/macbook/Code/zift/app/controllers/application_controller.rb": {
        "lines": [
          1,
          1,
          null,
          1,
          null,
          0,
          null,
          0,
          null,
          1,
          1,
          1,
          1,
          null,
          1,
          0,
          null,
          null,
          1,
          0,
          null,
          null
        ],
        "branches": {
          "[:unless, 0, 6, 4, 6, 85]": {
            "[:else, 1, 6, 4, 6, 85]": 0,
            "[:then, 2, 6, 4, 6, 12]": 0
          }
        }
      },
      "/Users/macbook/Code/zift/app/models/agreement_acceptance.rb": {
        "lines": [
          1,
          1,
          1,
          null,
          1,
          1,
          1,
          null
        ],
        "branches": {}
      },
      "/Users/macbook/Code/zift/app/mailers/agreement_mailer.rb": {
        "lines": [
          1,
          1,
          0,
          0,
          0,
          0,
          null,
          0,
          null,
          null,
          null,
          null,
          0,
          null,
          null
        ],
        "branches": {}
      },
      "/Users/macbook/Code/zift/app/controllers/locations_controller.rb": {
        "lines": [
          1,
          1,
          1,
          null,
          null,
          1,
          0,
          0,
          null,
          0,
          null,
          null,
          null,
          null,
          1,
          0,
          0,
          null,
          null,
          null,
          1,
          0,
          0,
          null,
          null,
          null,
          1,
          0,
          null,
          null,
          null,
          1,
          0,
          null,
          0,
          0,
          null,
          0,
          0,
          null,
          0,
          0,
          null,
          null,
          null,
          null,
          null,
          1,
          0,
          0,
          0,
          0,
          null,
          0,
          0,
          null,
          null,
          null,
          null,
          null,
          1,
          0,
          null,
          0,
          0,
          0,
          null,
          null,
          null,
          1,
          0,
          0,
          null,
          null,
          1,
          0,
          0,
          null,
          null,
          1,
          1,
          0,
          null,
          1,
          1,
          0,
          null,
          null,
          1,
          null,
          null,
          null,
          null,
          null,
          null,
          null,
          null,
          1,
          1,
          null,
          null,
          1,
          1,
          0,
          null,
          1,
          1,
          0,
          null,
          null,
          1,
          null,
          null,
          null,
          1,
          null,
          1,
          1,
          1,
          null,
          null,
          0,
          null,
          null,
          null,
          null,
          null,
          null,
          0,
          0,
          null,
          null,
          null,
          1,
          null,
          1,
          null,
          2,
          null,
          null,
          null,
          1,
          null,
          0,
          0,
          0,
          null,
          null,
          null,
          0,
          null,
          null,
          null,
          null,
          null,
          null,
          null,
          null,
          null,
          null,
          null,
          null,
          null,
          null,
          null,
          null,
          null,
          null,
          null,
          null,
          null,
          null,
          null,
          null,
          null,
          null,
          null,
          null,
          null,
          null,
          null,
          null,
          null
        ],
        "branches": {
          "[:if, 0, 7, 4, 11, 7]": {
            "[:then, 1, 8, 6, 8, 36]": 0,
            "[:else, 2, 10, 6, 10, 31]": 0
          },
          "[:if, 3, 28, 4, 28, 51]": {
            "[:then, 4, 28, 4, 28, 25]": 0,
            "[:else, 5, 28, 4, 28, 51]": 0
          },
          "[:if, 6, 36, 6, 43, 9]": {
            "[:then, 7, 38, 8, 39, 75]": 0,
            "[:else, 8, 41, 8, 42, 84]": 0
          },
          "[:if, 9, 50, 6, 56, 9]": {
            "[:then, 10, 51, 8, 52, 70]": 0,
            "[:else, 11, 54, 8, 55, 84]": 0
          },
          "[:\"&.\", 12, 81, 11, 81, 31]": {
            "[:then, 13, 81, 11, 81, 31]": 1,
            "[:else, 14, 81, 11, 81, 31]": 0
          },
          "[:unless, 15, 81, 4, 83, 7]": {
            "[:else, 16, 81, 4, 83, 7]": 1,
            "[:then, 17, 82, 6, 82, 61]": 0
          },
          "[:if, 18, 85, 4, 87, 7]": {
            "[:then, 19, 86, 6, 86, 88]": 0,
            "[:else, 20, 85, 4, 87, 7]": 1
          },
          "[:\"&.\", 21, 103, 11, 103, 31]": {
            "[:then, 22, 103, 11, 103, 31]": 1,
            "[:else, 23, 103, 11, 103, 31]": 0
          },
          "[:unless, 24, 103, 4, 105, 7]": {
            "[:else, 25, 103, 4, 105, 7]": 1,
            "[:then, 26, 104, 6, 104, 61]": 0
          },
          "[:if, 27, 107, 4, 109, 7]": {
            "[:then, 28, 108, 6, 108, 88]": 0,
            "[:else, 29, 107, 4, 109, 7]": 1
          },
          "[:if, 30, 115, 4, 131, 7]": {
            "[:then, 31, 117, 6, 119, 70]": 1,
            "[:else, 32, 122, 6, 130, 67]": 0
          },
          "[:\"&.\", 33, 146, 10, 146, 55]": {
            "[:then, 34, 146, 10, 146, 55]": 0,
            "[:else, 35, 146, 10, 146, 55]": 0
          },
          "[:if, 36, 144, 6, 148, 9]": {
            "[:then, 37, 145, 8, 147, 11]": 0,
            "[:else, 38, 144, 6, 148, 9]": 0
          }
        }
      },
      "/Users/macbook/Code/zift/app/controllers/service_agreements_controller.rb": {
        "lines": [
          1,
          null,
          1,
          1,
          1,
          null,
          1,
          null,
          1,
          3,
          3,
          null,
          null,
          1,
          2,
          2,
          0,
          null,
          null,
          2,
          null,
          null,
          null,
          null,
          null,
          null,
          null,
          2,
          null,
          null,
          null,
          null,
          null,
          null,
          null,
          null,
          null,
          2,
          2,
          null,
          2,
          null,
          0,
          null,
          0,
          null,
          null,
          2,
          null,
          null,
          1,
          2,
          1,
          null,
          null,
          1,
          null,
          null,
          null,
          null,
          null,
          null,
          null,
          null,
          null,
          1,
          1,
          1,
          null,
          null,
          1,
          1,
          8,
          null,
          null
        ],
        "branches": {
          "[:if, 0, 16, 4, 18, 7]": {
            "[:then, 1, 17, 6, 17, 110]": 0,
            "[:else, 2, 16, 4, 18, 7]": 2
          },
          "[:if, 3, 43, 6, 43, 113]": {
            "[:then, 4, 43, 6, 43, 94]": 0,
            "[:else, 5, 43, 6, 43, 113]": 0
          },
          "[:unless, 6, 52, 4, 54, 7]": {
            "[:else, 7, 52, 4, 54, 7]": 1,
            "[:then, 8, 53, 6, 53, 109]": 1
          }
        }
      },
      "/Users/macbook/Code/zift/app/controllers/admin/agreements_controller.rb": {
        "lines": [
          0,
          0,
          0,
          0,
          null,
          0,
          0,
          0,
          0,
          0,
          null,
          0,
          0,
          0,
          null,
          0,
          0,
          0,
          0,
          0,
          0,
          0,
          0,
          null,
          0,
          0,
          null,
          0,
          0,
          0,
          0,
          0,
          0,
          0,
          null,
          null,
          null,
          0,
          0,
          0,
          0,
          null,
          0,
          0,
          null,
          0,
          0,
          0,
          0,
          null,
          0,
          0,
          0,
          0,
          0,
          null,
          0,
          0,
          0,
          0
        ],
        "branches": {}
      },
      "/Users/macbook/Code/zift/app/controllers/admin/shift_types_controller.rb": {
        "lines": [
          0,
          0,
          null,
          null,
          0,
          0,
          0,
          0,
          0,
          null,
          0,
          0,
          0,
          0,
          0,
          null,
          0,
          0,
          0,
          0,
          0,
          0,
          null,
          0,
          0,
          0,
          0,
          0,
          0,
          0,
          0,
          null,
          0,
          null,
          0,
          null,
          0,
          0,
          0
        ],
        "branches": {}
      },
      "/Users/macbook/Code/zift/app/controllers/admin/xero_connections_controller.rb": {
        "lines": [
          null,
          0,
          0,
          0,
          null,
          null,
          0,
          0,
          null,
          null,
          0,
          0,
          0,
          0,
          0,
          0,
          0,
          0,
          0,
          0,
          0,
          0,
          0,
          0,
          0,
          0,
          0,
          0,
          0,
          0,
          0,
          null,
          null,
          0,
          0,
          0,
          0,
          0,
          0,
          0,
          0,
          null,
          0,
          null,
          0,
          0,
          null,
          null,
          0,
          0,
          0,
          0,
          0,
          0,
          0,
          0,
          0,
          0,
          null,
          0,
          null,
          null,
          0,
          0,
          0,
          0,
          null,
          0,
          0,
          null,
          0,
          0,
          0,
          0,
          0,
          0,
          0,
          null,
          0,
          0,
          0,
          0,
          0,
          0,
          0,
          0,
          0,
          0,
          0,
          0,
          0,
          0,
          null,
          null,
          0,
          0,
          0,
          0,
          0,
          0,
          0,
          0,
          0,
          0,
          0,
          0,
          0,
          0,
          0,
          null,
          0,
          0,
          0,
          null,
          0,
          0,
          0,
          null,
          null,
          null,
          0,
          null,
          null,
          0,
          0,
          null,
          0,
          0,
          0,
          null,
          null,
          0,
          0,
          0,
          0,
          0,
          0,
          0,
          0,
          0,
          0,
          0,
          null,
          0,
          null,
          0,
          0,
          0,
          null,
          0,
          0,
          0,
          null,
          0,
          0,
          0,
          0,
          0,
          0,
          0,
          0,
          0,
          0,
          null,
          0,
          0,
          0,
          0,
          null,
          0,
          0,
          0,
          0,
          null,
          null,
          0,
          0,
          0,
          0,
          0,
          0,
          0,
          0,
          null,
          0,
          null,
          null,
          0,
          0,
          0,
          0,
          0,
          0,
          null,
          0,
          0,
          0,
          0,
          0,
          0,
          0,
          0,
          0,
          0,
          0,
          0,
          0,
          0,
          0,
          null,
          null,
          0,
          0,
          0,
          0,
          0,
          0,
          0,
          0,
          null,
          0,
          0,
          null,
          0,
          0,
          0,
          0,
          0,
          0,
          0,
          0,
          0,
          null,
          0,
          0,
          0,
          0,
          null,
          0,
          0,
          0,
          null,
          0,
          0,
          null,
          0,
          0,
          null,
          0,
          0,
          0,
          0,
          0,
          0,
          0,
          0,
          0,
          0,
          null,
          0,
          0,
          0,
          null,
          0,
          0,
          0,
          0,
          0,
          0,
          0,
          0,
          0,
          0,
          0,
          0,
          0,
          0,
          0,
          0,
          0,
          0,
          0,
          0,
          0,
          0,
          0,
          0,
          0,
          0,
          0,
          0,
          0,
          0,
          0,
          null,
          null,
          null,
          null,
          0,
          0,
          0,
          0,
          0,
          0,
          0,
          0,
          null,
          0,
          0,
          0,
          0,
          0,
          0,
          0,
          0,
          null,
          0,
          null,
          0,
          0,
          0,
          null,
          0,
          0,
          0,
          0,
          0,
          0,
          0,
          0,
          0,
          0,
          0,
          0,
          0,
          0,
          0,
          0,
          0,
          0,
          0,
          0,
          0,
          null,
          0,
          0,
          0,
          0,
          null,
          0,
          0,
          0,
          0,
          0,
          null,
          0,
          0,
          0,
          0,
          0,
          0,
          0,
          0,
          0,
          null,
          0,
          0,
          0,
          0,
          0,
          0,
          0,
          0,
          0,
          0,
          0,
          0,
          0,
          0,
          null,
          0,
          0,
          0,
          0,
          0,
          0,
          0,
          null,
          0,
          0,
          0,
          0,
          0,
          0,
          0,
          0,
          0,
          0,
          0,
          0,
          0,
          0,
          0,
          0,
          0,
          0,
          0,
          0,
          0,
          0,
          0,
          0,
          0,
          0,
          0,
          null,
          0,
          0,
          0,
          0,
          0,
          0,
          0,
          0,
          0,
          0,
          0,
          0,
          0,
          0,
          0,
          0,
          0,
          0,
          0,
          0,
          0,
          0,
          0,
          0,
          0,
          0,
          0,
          0,
          0,
          0,
          0,
          0,
          0,
          0,
          0,
          0,
          0,
          0,
          0,
          0,
          0,
          0,
          0,
          0,
          0,
          0,
          0,
          0,
          0,
          0,
          0,
          0,
          0,
          0,
          0,
          0,
          0,
          0,
          0,
          0,
          0,
          0,
          null,
          0,
          0,
          0,
          0,
          0,
          0,
          0,
          0,
          0,
          0,
          0,
          0,
          0,
          0,
          0,
          0,
          0,
          0,
          0,
          0,
          0,
          0,
          0,
          0,
          0,
          0,
          0,
          null,
          0,
          0,
          0,
          0,
          0,
          0,
          0,
          0,
          null,
          0,
          0,
          0,
          0,
          0,
          0,
          0,
          0,
          0,
          0,
          0,
          0,
          0,
          0,
          0,
          0,
          0,
          0,
          0,
          0,
          0,
          0,
          0,
          null,
          0,
          0,
          0,
          0,
          0,
          0,
          0,
          0,
          0,
          0,
          0,
          0,
          0,
          0,
          0,
          0,
          0,
          0,
          0,
          0,
          0,
          0,
          0,
          0,
          0,
          0,
          0,
          0,
          0,
          0,
          0,
          0,
          0,
          0,
          0,
          0,
          0,
          0,
          0,
          0,
          0,
          0,
          0,
          0,
          0,
          0,
          0,
          0,
          0,
          0,
          0,
          0,
          0,
          0,
          0,
          0,
          0,
          0,
          0,
          0,
          0,
          0,
          0,
          0,
          0,
          0,
          0,
          0,
          0,
          0,
          0,
          0,
          0,
          0,
          0,
          0,
          0,
          0,
          null,
          0,
          0,
          0,
          null,
          0,
          0,
          0,
          0,
          null,
          0,
          0,
          null,
          0,
          0,
          0,
          null,
          0,
          0,
          0,
          0,
          null,
          null,
          0,
          0,
          0,
          0,
          0,
          0,
          0,
          0,
          null,
          0,
          null,
          0,
          null,
          0,
          0,
          0,
          0,
          0,
          0,
          null,
          null,
          0,
          0,
          0,
          0,
          null,
          0,
          0,
          0,
          0,
          null,
          null,
          0,
          0,
          0,
          0,
          0,
          0,
          0,
          0,
          null,
          null,
          0,
          0,
          0,
          null,
          0,
          0,
          0,
          0,
          0,
          null,
          null,
          0,
          0,
          0,
          null,
          0,
          0,
          0,
          0,
          0,
          0,
          null,
          0,
          0,
          0,
          0,
          null,
          0,
          0,
          0,
          0,
          0,
          0,
          0,
          null,
          0,
          0,
          0,
          0
        ],
        "branches": {}
      },
      "/Users/macbook/Code/zift/app/controllers/admin/xero_invoice_exports_controller.rb": {
        "lines": [
          0,
          null,
          0,
          0,
          null,
          0,
          null,
          null,
          0,
          0,
          0,
          null,
          0,
          null,
          0,
          0,
          null,
          0,
          0,
          0,
          null,
          null,
          0,
          0,
          0,
          0,
          0,
          0,
          0,
          null,
          null,
          0,
          0,
          null,
          0,
          null,
          0,
          0,
          null,
          0,
          0,
          0,
          0,
          null,
          0,
          null,
          0,
          0,
          0,
          0,
          0,
          0,
          0,
          0,
          0,
          0,
          0,
          0,
          0,
          0,
          null,
          0,
          0,
          0,
          0,
          0,
          null,
          null,
          0,
          0,
          0,
          0,
          0,
          null,
          null,
          0,
          0,
          0,
          0,
          0,
          null,
          0,
          0,
          0,
          0,
          null,
          null,
          0,
          0,
          0,
          0,
          0,
          null,
          0,
          0,
          0,
          0,
          0,
          0,
          0,
          0,
          null,
          null,
          0,
          null,
          0,
          0,
          0,
          null,
          0,
          null,
          0,
          0,
          0,
          0,
          0,
          0,
          null,
          0,
          null,
          0,
          0,
          0,
          0,
          0,
          0,
          0,
          0,
          0,
          null,
          0,
          0,
          0,
          0,
          null,
          0,
          0,
          0,
          null,
          0,
          0,
          0,
          0,
          0,
          null,
          0,
          0,
          0,
          0,
          0,
          0,
          null,
          0,
          0,
          0,
          0,
          0,
          0,
          0,
          0,
          0,
          0,
          0,
          0,
          0,
          0,
          0,
          0
        ],
        "branches": {}
      },
      "/Users/macbook/Code/zift/app/controllers/admin/xero_item_mappings_controller.rb": {
        "lines": [
          null,
          0,
          0,
          null,
          0,
          0,
          0,
          0,
          null,
          0,
          null,
          0,
          0,
          0,
          0,
          0,
          null,
          0,
          null,
          0,
          0,
          0,
          null,
          0,
          null,
          0,
          0,
          0,
          null,
          null,
          0,
          0,
          0,
          0,
          null,
          0,
          0,
          null,
          0,
          0,
          0,
          0,
          null,
          0,
          0,
          0,
          0,
          0,
          0,
          0,
          0,
          0
        ],
        "branches": {}
      },
      "/Users/macbook/Code/zift/app/controllers/admin/xero_items_controller.rb": {
        "lines": [
          0,
          0,
          null,
          0,
          0,
          0,
          0,
          null,
          0,
          0,
          null,
          0,
          0,
          0,
          null,
          null,
          0,
          0,
          0,
          0,
          null,
          0,
          0,
          0,
          0,
          0,
          0,
          0,
          0,
          0,
          0,
          0,
          0,
          0,
          null,
          0,
          0,
          0,
          0,
          0,
          0,
          0,
          null,
          null,
          0,
          0,
          0,
          0,
          0,
          0,
          0,
          0,
          null,
          null,
          0,
          0,
          null,
          null,
          0,
          0,
          0,
          0,
          0,
          0,
          0,
          null,
          0,
          0,
          0,
          0,
          0,
          0,
          0,
          0,
          null,
          0,
          0,
          0,
          0,
          0,
          0,
          null,
          0,
          null,
          null,
          0,
          0,
          0,
          0,
          0,
          0,
          null,
          null,
          0,
          0,
          0,
          0,
          null,
          0,
          0,
          0,
          0,
          0,
          0,
          0,
          0,
          0,
          0,
          0,
          null,
          0,
          0,
          null,
          0,
          0,
          0,
          0,
          null,
          0,
          0,
          0,
          0,
          null,
          0,
          0,
          null,
          0,
          0,
          0,
          0,
          0,
          0,
          0,
          null,
          null,
          0,
          0,
          null,
          0,
          0,
          0,
          0,
          null,
          0,
          0,
          0,
          0,
          0,
          0,
          0,
          0,
          0,
          0,
          0,
          null,
          0,
          0,
          null,
          0,
          0,
          0,
          0
        ],
        "branches": {}
      },
      "/Users/macbook/Code/zift/app/controllers/admin/xero_timesheet_exports_controller.rb": {
        "lines": [
          0,
          0,
          0,
          null,
          0,
          null,
          0,
          0,
          0,
          null,
          0,
          0,
          0,
          0,
          null,
          0,
          0,
          0,
          0,
          0,
          0,
          0,
          null,
          0,
          0,
          null,
          0,
          0,
          0,
          0,
          null,
          0,
          0,
          0,
          0,
          0,
          0,
          null,
          0,
          0,
          0,
          0,
          0,
          null,
          0,
          0,
          null,
          0,
          0,
          0,
          0,
          0,
          0,
          0,
          null,
          0,
          0,
          0,
          0,
          0,
          0,
          0,
          0,
          null,
          null,
          0,
          0,
          0,
          0,
          0,
          null,
          0,
          null,
          0,
          0,
          0,
          0,
          0,
          0,
          0,
          0,
          null,
          0,
          0,
          0,
          0,
          0,
          0,
          0,
          0,
          0,
          0,
          0,
          0,
          null,
          0,
          null,
          0,
          null,
          null,
          0,
          null,
          0,
          0,
          0,
          null,
          0,
          null,
          0,
          0,
          0,
          0,
          0,
          0,
          null,
          0,
          0,
          0,
          0,
          0,
          0,
          0,
          0,
          0,
          0,
          null,
          0,
          0,
          0,
          0,
          null,
          0,
          0,
          0,
          0,
          0,
          0,
          0,
          null,
          0,
          0,
          0,
          0,
          0,
          null,
          0,
          0,
          0,
          0,
          0,
          0,
          0,
          0,
          0,
          0,
          0,
          0,
          0,
          0,
          0,
          0,
          0,
          null,
          0,
          0,
          0,
          0,
          0,
          null,
          0,
          0,
          null,
          0,
          0,
          0,
          0
        ],
        "branches": {}
      },
      "/Users/macbook/Code/zift/app/controllers/applications_controller.rb": {
        "lines": [
          0,
          0,
          null,
          0,
          0,
          0,
          null,
          0,
          0,
          0,
          0,
          0,
          0,
          0,
          0,
          0,
          0,
          null,
          0,
          0,
          0,
          0,
          0,
          0,
          null,
          0,
          null,
          0,
          null,
          0,
          null,
          null,
          null,
          null,
          0,
          0,
          0,
          0,
          0,
          0,
          0,
          0
        ],
        "branches": {}
      },
      "/Users/macbook/Code/zift/app/controllers/areas_controller.rb": {
        "lines": [
          null,
          0,
          0,
          0,
          0,
          null,
          0,
          0,
          0,
          null,
          0,
          0,
          null,
          0,
          0,
          0,
          0,
          0,
          0,
          0,
          null,
          0,
          null,
          0,
          null,
          0,
          0,
          0,
          0,
          0,
          0,
          0,
          null,
          0,
          0,
          0,
          0,
          0,
          null,
          0,
          null,
          0,
          0,
          0,
          null,
          0,
          0,
          0,
          null,
          0,
          null,
          0,
          null,
          0,
          0,
          0,
          0,
          0,
          0,
          0,
          0,
          0,
          0,
          0
        ],
        "branches": {}
      },
      "/Users/macbook/Code/zift/app/controllers/dashboards_controller.rb": {
        "lines": [
          0,
          0,
          null,
          0,
          0,
          0,
          0,
          0,
          0,
          null,
          0,
          0,
          null,
          0,
          0,
          0,
          0,
          0,
          null,
          0,
          0,
          0,
          0,
          0,
          null,
          0,
          null,
          0,
          0,
          0,
          0,
          0,
          null,
          0,
          0,
          0,
          0,
          null,
          0,
          null,
          0,
          0,
          0,
          0,
          0,
          0,
          0,
          0,
          0,
          0,
          0,
          0,
          0,
          0
        ],
        "branches": {}
      },
      "/Users/macbook/Code/zift/app/controllers/notifications_controller.rb": {
        "lines": [
          0,
          0,
          0,
          null,
          0,
          0,
          0,
          0,
          0,
          0,
          null,
          0,
          null,
          0,
          null,
          0,
          0,
          0,
          null,
          0,
          null,
          0,
          0,
          0
        ],
        "branches": {}
      },
      "/Users/macbook/Code/zift/app/controllers/recurrences_controller.rb": {
        "lines": [
          0,
          0,
          0,
          null,
          null,
          0,
          0,
          0,
          null,
          null,
          0,
          0,
          null,
          null,
          0,
          0,
          0,
          null,
          null,
          0,
          0,
          null,
          null,
          0,
          0,
          null,
          0,
          0,
          0,
          0,
          0,
          0,
          0,
          0,
          0,
          0,
          null,
          null,
          0,
          0,
          0,
          0,
          0,
          0,
          0,
          0,
          0,
          0,
          0,
          null,
          null,
          0,
          0,
          null,
          0,
          0,
          0,
          0,
          0,
          null,
          0,
          null,
          0,
          0,
          0,
          null,
          null,
          0,
          0,
          0,
          0
        ],
        "branches": {}
      },
      "/Users/macbook/Code/zift/app/controllers/reports_controller.rb": {
        "lines": [
          0,
          0,
          0,
          0,
          0,
          null,
          null,
          0,
          0,
          0,
          0,
          0,
          null,
          null,
          0,
          0,
          0,
          null,
          null,
          0,
          0,
          0,
          null,
          0,
          0,
          0,
          0,
          0,
          null,
          null,
          0,
          null,
          0,
          null,
          0,
          0,
          0,
          0,
          0
        ],
        "branches": {}
      },
      "/Users/macbook/Code/zift/app/controllers/rosters_controller.rb": {
        "lines": [
          0,
          0,
          null,
          null,
          0,
          0,
          0,
          null,
          null,
          0,
          null,
          0,
          null,
          null,
          null,
          0,
          0,
          0,
          0,
          0,
          0,
          0,
          null,
          0,
          0,
          0,
          0,
          null,
          0,
          0,
          null,
          0,
          0,
          0,
          0,
          null,
          0,
          0,
          null,
          0,
          0,
          null,
          0,
          0,
          0,
          null,
          0,
          0,
          0,
          0,
          0,
          0,
          0,
          0,
          null,
          0,
          null,
          0,
          0,
          0,
          0,
          null,
          0,
          null,
          0,
          0,
          0,
          0,
          null,
          0,
          0,
          0,
          null,
          null,
          0,
          null,
          0,
          0,
          0,
          0,
          0,
          0,
          null,
          null,
          0,
          null,
          0,
          0,
          0,
          null,
          0,
          0,
          0,
          null,
          null,
          0,
          null,
          0,
          0,
          0,
          null,
          0,
          null,
          null,
          0,
          0,
          0,
          0,
          null,
          0,
          0,
          null,
          0,
          null,
          0,
          null,
          0,
          null,
          null,
          0,
          0,
          0,
          0,
          0,
          null,
          0,
          0,
          null,
          null,
          0,
          0,
          0,
          0,
          0,
          0,
          0,
          0,
          0,
          null,
          0,
          null,
          null,
          0,
          0,
          0,
          0,
          0
        ],
        "branches": {}
      },
      "/Users/macbook/Code/zift/app/controllers/settings_controller.rb": {
        "lines": [
          0,
          0,
          0,
          null,
          0,
          0,
          null,
          0,
          0,
          0,
          0,
          0
        ],
        "branches": {}
      },
      "/Users/macbook/Code/zift/app/controllers/shift_questions_controller.rb": {
        "lines": [
          null,
          null,
          0,
          0,
          0,
          null,
          0,
          0,
          0,
          null,
          0,
          0,
          0,
          null,
          0,
          0,
          0,
          0,
          0,
          0,
          0,
          0,
          0,
          null,
          0,
          null,
          0,
          0,
          0,
          0,
          0,
          0,
          0,
          0,
          null,
          0,
          0,
          0,
          0,
          null,
          0,
          null,
          0,
          0,
          0,
          null,
          0,
          0,
          0,
          0
        ],
        "branches": {}
      },
      "/Users/macbook/Code/zift/app/controllers/shifts_controller.rb": {
        "lines": [
          null,
          0,
          0,
          0,
          0,
          null,
          null,
          0,
          0,
          0,
          null,
          null,
          0,
          null,
          null,
          0,
          0,
          0,
          0,
          0,
          0,
          0,
          0,
          0,
          0,
          0,
          null,
          null,
          0,
          0,
          0,
          0,
          null,
          null,
          0,
          0,
          0,
          0,
          0,
          0,
          null,
          0,
          0,
          0,
          0,
          0,
          0,
          0,
          0,
          0,
          0,
          0,
          0,
          0,
          0,
          0,
          0,
          0,
          0,
          0,
          null,
          null,
          0,
          0,
          0,
          0,
          0,
          null,
          0,
          null,
          0,
          null,
          0,
          0,
          0,
          0,
          0,
          0,
          0,
          0,
          0,
          0,
          0,
          0,
          0,
          0,
          0,
          null,
          0,
          0,
          0,
          null,
          0,
          null,
          null,
          0,
          0,
          0,
          0,
          0,
          null,
          null,
          0,
          0,
          0,
          0,
          0,
          0,
          0,
          null,
          null,
          0,
          0,
          0,
          0,
          0,
          0,
          0,
          0,
          0,
          0,
          0,
          0,
          null,
          null,
          0,
          0,
          0,
          0,
          0,
          0,
          0,
          0,
          0,
          0,
          0,
          0,
          null,
          null,
          0,
          0,
          0,
          null,
          0,
          0,
          0,
          0,
          0,
          0,
          0,
          0,
          0,
          null,
          0,
          0,
          0,
          0,
          0,
          0,
          0,
          null,
          0,
          0,
          0,
          0,
          0,
          0,
          0,
          0,
          0,
          0,
          0,
          0,
          0,
          null,
          null,
          0,
          0,
          0,
          0,
          null,
          0,
          null,
          0,
          0,
          0,
          0,
          0,
          0,
          null,
          null,
          0,
          null,
          0,
          0,
          0,
          0,
          0,
          0,
          null,
          null,
          0,
          0,
          0,
          0,
          0,
          0,
          0,
          0,
          0,
          0,
          0,
          0,
          0,
          null,
          null,
          0,
          0,
          0,
          0,
          0,
          0,
          0,
          0,
          0,
          null,
          0,
          null,
          0,
          0,
          0,
          0,
          0,
          0,
          0,
          0,
          0,
          0,
          0,
          null,
          0,
          null,
          0,
          0,
          0,
          null,
          0,
          0,
          0,
          0
        ],
        "branches": {}
      },
      "/Users/macbook/Code/zift/app/controllers/timesheets_controller.rb": {
        "lines": [
          0,
          0,
          0,
          null,
          null,
          0,
          0,
          0,
          0,
          null,
          0,
          0,
          0,
          null,
          0,
          null,
          0,
          0,
          0,
          0,
          0,
          null,
          0,
          0,
          0,
          0,
          0,
          0,
          null,
          0,
          0,
          null,
          0,
          0,
          0,
          null,
          0,
          0,
          0,
          0,
          0,
          null,
          null,
          0,
          0,
          0,
          null,
          0,
          0,
          0,
          null,
          0,
          0,
          0,
          null,
          0,
          0,
          0,
          null,
          0,
          0,
          0,
          0,
          null,
          0,
          0,
          null,
          0,
          0,
          0,
          null,
          0,
          0,
          0,
          0,
          0,
          0,
          null,
          0,
          0,
          0,
          0,
          0,
          null,
          0,
          0,
          0,
          0,
          0,
          0,
          0,
          null,
          0,
          0,
          0,
          null,
          0,
          0,
          0,
          0,
          null,
          0,
          0,
          0,
          0,
          null,
          0,
          0,
          0,
          0,
          0,
          0,
          null,
          0,
          0,
          0,
          0,
          null,
          0,
          0,
          0,
          0,
          0,
          0,
          0,
          0,
          0,
          0,
          0,
          0,
          0,
          null,
          0,
          0,
          null,
          0,
          0,
          null,
          0,
          0,
          0,
          0,
          0,
          0,
          0,
          0,
          0,
          0,
          0,
          0,
          null,
          0,
          0,
          0,
          0,
          0,
          0,
          0,
          0,
          0,
          0,
          null,
          0,
          0,
          0,
          0,
          0,
          0,
          0,
          0,
          0,
          0,
          null,
          0,
          0,
          0,
          0,
          0,
          0,
          0,
          0,
          0,
          0,
          null,
          0,
          0,
          null,
          0,
          0,
          0,
          null,
          0,
          0,
          null,
          0,
          null,
          0,
          0,
          0,
          0,
          0,
          0,
          0,
          0,
          0,
          null,
          0,
          0,
          0,
          0,
          0,
          0,
          0,
          0,
          0,
          0,
          0,
          0,
          0,
          0,
          0,
          0,
          0,
          0,
          0,
          null,
          0,
          0,
          null,
          null,
          null,
          0,
          null,
          0,
          null,
          0,
          0,
          0,
          0,
          0,
          null,
          0,
          0,
          0,
          0,
          null,
          0,
          0,
          0,
          0,
          null,
          0,
          0,
          0,
          0,
          0,
          0,
          0,
          0,
          0,
          0,
          0,
          0,
          null,
          0,
          null,
          null,
          0,
          0,
          null,
          0,
          0,
          0,
          0,
          0,
          0,
          0,
          null,
          null,
          0,
          null,
          0,
          0,
          null,
          0,
          0,
          0,
          0
        ],
        "branches": {}
      },
      "/Users/macbook/Code/zift/app/controllers/unavailability_requests_controller.rb": {
        "lines": [
          null,
          0,
          0,
          0,
          null,
          0,
          0,
          0,
          0,
          0,
          0,
          0,
          null,
          0,
          0,
          null,
          0,
          0,
          0,
          null,
          0,
          0,
          null,
          0,
          0,
          0,
          null,
          0,
          0,
          0,
          0,
          0,
          0,
          null,
          0,
          0,
          0,
          0,
          0,
          0,
          0,
          null,
          0,
          0,
          0,
          0,
          null,
          0,
          0,
          0,
          0,
          0,
          0,
          0,
          0,
          0,
          0,
          0,
          0,
          0,
          0,
          null,
          0,
          0,
          0,
          0,
          0,
          0,
          0,
          0,
          0,
          0,
          0,
          0,
          0,
          0,
          null,
          0,
          null,
          0,
          0,
          0,
          null,
          0,
          0,
          0,
          null,
          0,
          0,
          null,
          0,
          0,
          0,
          0,
          null,
          0,
          null,
          0,
          0,
          0,
          0,
          0,
          0,
          0,
          null,
          0,
          0,
          0,
          0,
          0,
          0,
          0,
          null,
          0,
          0,
          0
        ],
        "branches": {}
      },
      "/Users/macbook/Code/zift/app/controllers/users/registrations_controller.rb": {
        "lines": [
          0,
          0,
          0,
          null,
          null,
          0,
          0,
          0,
          null,
          0,
          0,
          0,
          0,
          null,
          null,
          0,
          0,
          0,
          null,
          null,
          0,
          0,
          null,
          0,
          0,
          0,
          null,
          0,
          null,
          0,
          0,
          0,
          0,
          0,
          0,
          0,
          0,
          null,
          0,
          null,
          null,
          0,
          null,
          0,
          0,
          0,
          0,
          0,
          0,
          0,
          0,
          0,
          null,
          null,
          0,
          null,
          null,
          0,
          0,
          0,
          null,
          0,
          0,
          0
        ],
        "branches": {}
      },
      "/Users/macbook/Code/zift/app/controllers/users_controller.rb": {
        "lines": [
          0,
          0,
          0,
          null,
          null,
          0,
          0,
          0,
          0,
          0,
          0,
          0,
          null,
          0,
          0,
          null,
          0,
          0,
          0,
          null,
          null,
          0,
          0,
          0,
          0,
          0,
          0,
          0,
          0,
          null,
          null,
          0,
          0,
          0,
          null,
          null,
          0,
          0,
          null,
          null,
          0,
          0,
          null,
          0,
          null,
          0,
          0,
          0,
          0,
          0,
          0,
          null,
          null,
          0,
          null,
          0,
          null,
          null,
          0,
          0,
          0,
          null,
          null,
          0,
          0,
          0,
          0,
          null,
          0,
          0,
          0,
          null,
          0,
          0,
          0,
          0,
          null,
          null,
          0,
          0,
          0,
          0,
          null,
          null,
          0,
          0,
          0,
          0,
          null,
          0,
          0,
          0,
          null,
          null,
          0,
          0,
          0,
          0,
          null,
          0,
          0,
          0,
          null,
          null,
          0,
          0,
          0,
          0,
          0,
          0,
          0,
          null,
          0,
          0,
          0,
          0,
          0,
          0,
          null,
          null,
          0,
          null,
          0,
          0,
          0,
          null,
          null,
          0,
          0,
          0,
          0,
          0,
          null,
          0,
          0,
          0,
          0,
          0,
          0,
          null,
          0,
          null,
          0,
          null,
          0,
          0,
          null,
          null,
          0,
          null,
          0,
          0,
          0,
          0,
          0,
          0,
          0,
          0,
          0,
          0,
          null,
          null,
          0,
          0,
          0,
          null,
          0,
          0,
          0
        ],
        "branches": {}
      },
      "/Users/macbook/Code/zift/app/controllers/welcome_controller.rb": {
        "lines": [
          0,
          null,
          0,
          null,
          0,
          0
        ],
        "branches": {}
      },
      "/Users/macbook/Code/zift/app/jobs/application_job.rb": {
        "lines": [
          0,
          null,
          null,
          null,
          null,
          null,
          0
        ],
        "branches": {}
      },
      "/Users/macbook/Code/zift/app/jobs/auto_clock_out_job.rb": {
        "lines": [
          0,
          0,
          null,
          0,
          null,
          null,
          0,
          0,
          0,
          0,
          0,
          0,
          0,
          0,
          0
        ],
        "branches": {}
      },
      "/Users/macbook/Code/zift/app/jobs/xero/invoice_export_job.rb": {
        "lines": [
          0,
          0,
          0,
          0,
          0,
          null,
          0,
          0,
          0,
          null,
          0,
          0,
          0,
          0,
          null,
          0,
          0,
          0,
          0,
          0,
          0,
          0,
          null,
          0,
          0,
          0,
          0,
          0,
          0,
          0,
          0,
          null,
          0,
          0,
          0,
          0,
          0,
          0,
          0,
          0,
          0,
          null,
          0,
          null,
          0,
          0,
          0,
          0,
          null,
          0,
          0,
          null,
          0,
          0,
          0,
          0,
          null,
          0,
          null,
          null,
          0,
          null,
          0,
          0,
          null,
          null,
          0,
          0,
          null,
          0,
          null,
          null,
          0,
          0,
          0,
          0,
          0,
          0,
          0,
          null,
          0,
          0,
          null,
          0,
          0,
          0,
          0,
          0,
          0,
          0,
          0,
          0,
          0,
          null,
          0,
          null,
          0,
          0,
          0,
          0,
          0,
          0,
          null,
          0,
          null,
          0,
          0,
          0,
          0,
          0,
          null,
          null,
          0,
          0,
          0,
          0,
          0,
          null,
          0,
          null,
          null,
          0,
          0,
          0,
          0,
          0,
          0,
          0,
          null,
          0,
          0,
          0,
          0,
          0,
          0,
          0,
          null,
          null,
          0,
          0,
          0,
          0,
          0,
          0,
          null,
          0,
          0,
          0,
          0,
          0,
          null,
          0,
          null,
          0,
          0,
          0,
          0,
          0,
          0,
          0,
          0,
          0,
          null,
          0,
          null,
          0,
          0,
          null,
          0,
          0,
          null,
          null,
          0,
          0,
          0,
          0,
          null,
          0,
          0,
          0,
          0,
          0,
          null,
          0,
          0,
          0,
          0,
          0,
          0,
          0,
          0,
          0,
          0,
          0,
          0,
          0,
          0,
          0,
          null,
          0,
          0,
          0,
          null,
          null,
          0,
          0,
          0,
          0,
          null,
          0,
          null,
          0,
          0,
          0,
          null,
          0,
          0,
          null,
          0,
          0,
          0,
          0,
          0,
          0,
          0,
          0,
          0,
          0,
          0,
          0,
          null,
          0,
          null,
          0,
          0,
          0,
          null,
          0,
          0,
          null,
          0,
          0,
          0,
          0,
          0,
          0,
          0,
          null,
          0,
          0,
          null,
          0,
          0,
          0,
          0,
          0,
          0,
          null,
          0,
          0,
          0,
          0,
          0,
          0,
          0,
          0,
          0,
          0,
          0,
          0,
          0,
          0,
          0,
          0,
          0,
          0,
          0,
          0,
          0,
          0,
          0,
          0,
          0,
          0,
          0,
          0,
          null,
          0,
          0,
          0,
          0,
          0,
          0,
          0,
          null,
          0,
          0,
          null,
          0,
          0,
          null,
          0,
          0,
          0,
          null,
          0,
          0,
          null,
          0,
          0,
          0,
          0,
          0,
          0,
          0,
          0,
          null,
          0,
          0,
          0,
          null,
          0,
          null,
          0,
          0,
          0,
          0,
          0,
          0,
          0,
          null,
          0,
          0,
          0,
          0,
          0,
          0,
          0,
          0,
          0,
          0,
          0,
          0,
          0,
          0,
          0,
          0,
          0,
          0,
          0,
          0,
          0,
          0,
          0,
          0,
          0,
          0,
          0,
          0,
          0,
          0,
          0,
          0,
          0,
          0,
          0,
          0,
          0,
          0,
          0,
          null,
          0,
          0,
          0,
          0,
          0,
          0,
          0,
          null,
          0,
          0,
          0,
          0,
          0,
          0,
          0,
          0,
          null,
          0,
          0,
          null,
          0,
          0,
          0,
          0,
          0,
          0,
          0,
          0,
          0,
          0,
          0,
          0,
          0,
          0,
          0,
          0,
          0,
          0,
          0,
          0,
          0,
          0,
          0,
          0,
          0,
          0,
          0,
          0,
          null,
          0,
          0,
          0,
          0,
          0,
          0,
          0,
          0,
          0,
          0,
          0,
          0,
          0,
          0,
          0,
          0,
          null,
          0,
          0,
          null,
          0,
          0,
          0,
          0,
          0,
          0,
          0,
          0,
          null,
          0,
          0,
          0,
          0,
          0,
          0,
          0,
          0,
          0,
          0,
          0,
          0,
          0,
          0,
          null,
          0,
          0,
          0,
          null,
          0,
          0,
          0,
          0,
          0,
          0,
          0,
          0,
          0,
          0,
          0,
          0,
          0,
          0,
          0,
          0,
          0,
          0,
          0,
          0,
          null,
          0,
          0,
          0,
          null,
          0,
          0,
          0,
          null,
          0,
          0,
          0,
          0,
          0,
          0,
          0,
          0,
          0,
          0,
          0,
          0,
          0,
          0,
          0,
          0,
          null,
          0,
          0,
          0,
          0,
          0,
          0,
          0,
          0,
          0,
          0,
          0,
          0,
          0,
          0,
          0,
          0,
          0,
          0,
          0,
          null,
          0,
          0,
          0,
          null,
          0,
          null,
          0,
          0,
          0,
          0,
          0,
          0,
          0,
          0,
          0,
          0,
          null,
          0,
          0,
          0,
          0,
          0,
          0,
          null,
          0,
          0,
          0,
          0,
          0,
          0,
          0,
          0,
          0,
          0,
          0,
          0,
          null,
          0,
          0,
          0,
          0,
          0,
          0,
          null,
          0,
          0,
          0,
          0,
          null,
          0,
          0,
          0,
          0,
          0,
          0,
          null,
          0,
          0,
          0,
          0,
          0,
          null,
          0,
          0,
          0,
          null,
          0,
          0,
          0,
          0,
          0,
          0,
          0,
          0,
          0,
          0,
          0,
          0,
          0,
          0,
          0,
          0,
          0,
          0,
          null,
          0,
          0,
          0,
          0,
          0,
          0,
          0,
          0,
          0,
          0,
          0,
          0,
          0,
          0,
          0,
          0,
          0,
          0,
          0,
          0,
          0,
          null,
          0,
          null,
          0,
          0,
          0,
          null,
          0,
          0,
          0,
          0,
          null,
          0,
          0,
          0,
          0,
          0,
          0,
          0,
          null,
          0,
          0,
          0,
          0,
          0,
          0,
          0,
          0,
          0,
          0,
          0,
          0,
          0,
          0,
          0,
          0,
          0,
          null,
          0,
          0,
          0,
          0,
          0,
          null,
          0,
          0,
          0,
          0,
          null,
          0,
          0,
          0,
          0,
          0,
          0,
          0,
          0,
          0,
          0,
          null,
          0,
          0,
          0,
          0,
          0,
          0,
          0,
          null,
          0,
          0,
          0,
          0,
          0,
          0,
          0,
          0,
          0,
          null,
          0,
          0,
          0,
          0,
          0,
          null,
          0,
          0,
          0,
          0,
          0,
          0,
          0,
          0,
          0,
          null,
          0,
          0,
          0,
          null,
          0,
          0,
          0,
          0,
          0,
          0,
          0,
          0,
          0,
          0,
          0,
          0,
          0,
          0,
          0,
          0,
          0,
          0,
          0
        ],
        "branches": {}
      },
      "/Users/macbook/Code/zift/app/jobs/xero/timesheet_export_job.rb": {
        "lines": [
          null,
          0,
          0,
          0,
          null,
          0,
          0,
          0,
          0,
          0,
          null,
          0,
          0,
          null,
          0,
          0,
          null,
          0,
          0,
          0,
          0,
          0,
          0,
          0,
          0,
          0,
          0,
          0,
          0,
          0,
          null,
          0,
          0,
          0,
          0,
          0,
          0,
          0,
          0,
          null,
          0,
          0,
          null,
          0,
          0,
          null,
          0,
          0,
          0,
          0,
          0,
          0,
          0,
          0,
          0,
          null,
          0,
          0,
          0,
          0,
          0,
          0,
          0,
          0,
          null,
          0,
          0,
          null,
          0,
          null,
          0,
          0,
          0,
          0,
          0,
          0,
          0,
          0,
          0,
          0,
          0,
          0,
          0,
          0,
          0,
          0,
          0,
          0,
          0,
          0,
          0,
          0
        ],
        "branches": {}
      },
      "/Users/macbook/Code/zift/app/mailers/roster_mailer.rb": {
        "lines": [
          0,
          0,
          null,
          0,
          0,
          0,
          0,
          null,
          0,
          0,
          0
        ],
        "branches": {}
      },
      "/Users/macbook/Code/zift/app/mailers/timesheet_mailer.rb": {
        "lines": [
          0,
          0,
          0,
          0,
          0,
          0,
          null,
          0,
          0,
          0,
          0,
          0,
          0
        ],
        "branches": {}
      },
      "/Users/macbook/Code/zift/app/mailers/user_mailer.rb": {
        "lines": [
          0,
          0,
          null,
          0,
          0,
          0,
          0,
          0,
          0
        ],
        "branches": {}
      },
      "/Users/macbook/Code/zift/app/models/area.rb": {
        "lines": [
          0,
          0,
          0,
          0,
          0,
          0,
          0,
          null,
          null,
          0,
          0,
          0,
          0
        ],
        "branches": {}
      },
      "/Users/macbook/Code/zift/app/models/area_shift_question.rb": {
        "lines": [
          0,
          0,
          null,
          0,
          0,
          null,
          0,
          0
        ],
        "branches": {}
      },
      "/Users/macbook/Code/zift/app/models/invoice_export.rb": {
        "lines": [
          0,
          0,
          null,
          0,
          0,
          0
        ],
        "branches": {}
      },
      "/Users/macbook/Code/zift/app/models/invoice_export_line.rb": {
        "lines": [
          0,
          0,
          0,
          0,
          0,
          0
        ],
        "branches": {}
      },
      "/Users/macbook/Code/zift/app/models/recurrence.rb": {
        "lines": [
          0,
          0
        ],
        "branches": {}
      },
      "/Users/macbook/Code/zift/app/models/roster.rb": {
        "lines": [
          0,
          0,
          0,
          0,
          null,
          0,
          null,
          0,
          0,
          0,
          0,
          null,
          null,
          0,
          0,
          null,
          0,
          0,
          0,
          null,
          0,
          0,
          0,
          null,
          0,
          0,
          0,
          null,
          0,
          0,
          0,
          null,
          0,
          0,
          0,
          0
        ],
        "branches": {}
      },
      "/Users/macbook/Code/zift/app/models/shift.rb": {
        "lines": [
          null,
          0,
          0,
          null,
          0,
          0,
          null,
          0,
          0,
          0,
          0,
          0,
          0,
          null,
          0,
          null,
          null,
          0,
          null,
          0,
          0,
          0,
          0,
          null,
          0,
          0,
          0,
          0,
          null,
          0,
          0,
          null,
          0,
          0,
          0,
          null,
          0,
          0,
          0,
          0,
          0,
          0,
          0,
          0,
          0,
          0,
          0,
          0,
          0,
          0,
          0,
          0,
          null,
          null,
          null,
          0,
          0,
          0,
          0,
          null,
          0,
          0,
          0,
          null,
          0,
          0,
          0,
          null,
          0,
          null,
          0,
          0,
          0,
          null,
          0,
          0,
          0,
          0,
          0,
          null,
          0,
          0,
          0,
          0,
          0,
          0,
          null,
          0,
          0,
          null,
          0,
          0,
          0,
          null,
          0,
          0,
          0,
          0,
          null,
          null,
          null,
          null,
          0,
          0,
          null,
          0,
          0,
          0,
          0,
          null,
          null,
          0,
          null,
          null,
          0,
          0,
          null,
          0,
          0,
          null,
          0,
          0,
          0,
          0,
          0,
          null,
          0,
          0,
          null,
          0,
          0,
          0,
          0,
          null,
          0,
          null,
          0,
          null,
          0,
          0,
          0,
          0,
          0,
          0,
          0,
          0
        ],
        "branches": {}
      },
      "/Users/macbook/Code/zift/app/models/shift_answer.rb": {
        "lines": [
          0,
          0,
          0,
          0,
          0,
          null,
          0,
          0,
          null,
          null,
          0,
          0
        ],
        "branches": {}
      },
      "/Users/macbook/Code/zift/app/models/shift_question.rb": {
        "lines": [
          0,
          null,
          0,
          0,
          0,
          0,
          0,
          null,
          null,
          0,
          0,
          null,
          0,
          null,
          null,
          0,
          0,
          0,
          null,
          null,
          0,
          0,
          0,
          0,
          0,
          null,
          null,
          0,
          0,
          0,
          0
        ],
        "branches": {}
      },
      "/Users/macbook/Code/zift/app/models/shift_type.rb": {
        "lines": [
          0,
          0,
          0
        ],
        "branches": {}
      },
      "/Users/macbook/Code/zift/app/models/timesheet.rb": {
        "lines": [
          0,
          0,
          0,
          0,
          0,
          0,
          null,
          0,
          0,
          0,
          0,
          null,
          0,
          0,
          0,
          0,
          0,
          null,
          null,
          0,
          0,
          0,
          0,
          0,
          null,
          0,
          0,
          null,
          0,
          0,
          0,
          null,
          0,
          0,
          0,
          null,
          0,
          0,
          0,
          null,
          0,
          0,
          0,
          null,
          0,
          0,
          0,
          null,
          0,
          0,
          0,
          0,
          0,
          0,
          0,
          0,
          0,
          null,
          0,
          0,
          0,
          0,
          null,
          0,
          0,
          0,
          null,
          null,
          0,
          0,
          0,
          0,
          0,
          null,
          0,
          null,
          0,
          0,
          null,
          0,
          0,
          0,
          0,
          0
        ],
        "branches": {}
      },
      "/Users/macbook/Code/zift/app/models/timesheet_export.rb": {
        "lines": [
          0,
          0,
          0,
          0,
          0,
          0,
          0
        ],
        "branches": {}
      },
      "/Users/macbook/Code/zift/app/models/timesheet_export_line.rb": {
        "lines": [
          0,
          0,
          0,
          null,
          0,
          0,
          0
        ],
        "branches": {}
      },
      "/Users/macbook/Code/zift/app/models/unavailability_request.rb": {
        "lines": [
          null,
          0,
          0,
          null,
          0,
          0,
          0,
          0,
          0,
          null,
          0,
          0,
          null,
          null,
          0,
          0,
          0,
          null,
          0,
          0,
          0,
          null,
          0,
          0,
          0,
          null,
          null,
          0,
          0,
          0,
          null,
          null,
          null,
          0,
          0,
          0,
          0,
          0
        ],
        "branches": {}
      },
      "/Users/macbook/Code/zift/app/models/xero_connection.rb": {
        "lines": [
          0,
          0,
          0,
          0,
          0,
          0,
          0
        ],
        "branches": {}
      },
      "/Users/macbook/Code/zift/app/models/xero_item.rb": {
        "lines": [
          null,
          0,
          0,
          0,
          null,
          null,
          0,
          0,
          0,
          0,
          0,
          0,
          null,
          0,
          0,
          0,
          0,
          0,
          null,
          null,
          0,
          0,
          0,
          null,
          0,
          0,
          0,
          null,
          null,
          0,
          null,
          0,
          0,
          null,
          0,
          0,
          0,
          0,
          0,
          null,
          0,
          0,
          0,
          0,
          null,
          0,
          0,
          0,
          0,
          0,
          0,
          0
        ],
        "branches": {}
      },
      "/Users/macbook/Code/zift/app/services/xero_http.rb": {
        "lines": [
          null,
          null,
          0,
          0,
          null,
          0,
          0,
          0,
          0,
          0,
          0,
          0,
          null,
          0,
          0,
          0,
          null,
          0,
          0,
          0
        ],
        "branches": {}
      }
    },
    "timestamp": 1757576661
  }
}
